<?xml version="1.0" encoding="UTF-8"?>
<!-- Generated by org.testng.reporters.JUnitReportReporter -->
<testsuite skipped="0" hostname="Amol-PC" name="PassingTest" tests="1" failures="0" timestamp="29 Oct 2020 13:14:48 GMT" time="10.152" errors="0">
  <testcase name="testCorrectTitle" time="10.152" classname="PassingTest"/>
</testsuite> <!-- PassingTest -->
