<?xml version="1.0" encoding="UTF-8"?>
<!-- Generated by org.testng.reporters.JUnitReportReporter -->
<testsuite skipped="0" hostname="Amol-PC" name="Test2" tests="1" failures="0" timestamp="01 Nov 2020 10:25:17 GMT" time="13.163" errors="0">
  <testcase name="verifyAmazonTitle" time="13.163" classname="Test2"/>
</testsuite> <!-- Test2 -->
